2023.03.09 18:54:22 INFO  Started: Metals version 0.11.11 in workspace '/Users/zihengzhang/Code/Master-Thesis/playground/pgupgrade-client' for client Visual Studio Code 1.76.0.[0m
SLF4J: No SLF4J providers were found.
SLF4J: Defaulting to no-operation (NOP) logger implementation
SLF4J: See https://www.slf4j.org/codes.html#noProviders for further details.
SLF4J: Class path contains SLF4J bindings targeting slf4j-api versions 1.7.x or earlier.
SLF4J: Ignoring binding found at [jar:file:/Users/zihengzhang/Library/Caches/Coursier/v1/https/repo1.maven.org/maven2/com/outr/scribe-slf4j_2.13/3.11.0/scribe-slf4j_2.13-3.11.0.jar!/org/slf4j/impl/StaticLoggerBinder.class]
SLF4J: See https://www.slf4j.org/codes.html#ignoredBindings for an explanation.
2023.03.09 18:54:23 INFO  time: initialize in 0.76s[0m
2023.03.09 18:54:29 WARN  Build server is not auto-connectable.[0m
2023.03.09 18:54:29 WARN  no build tool detected in workspace '/Users/zihengzhang/Code/Master-Thesis/playground/pgupgrade-client'. The most common cause for this problem is that the editor was opened in the wrong working directory, for example if you use sbt then the workspace directory should contain build.sbt. [0m
2023.03.09 18:54:29 WARN  no build target for: /Users/zihengzhang/Code/Master-Thesis/playground/pgupgrade-client/test.java[0m
Mar 09, 2023 6:54:29 PM org.eclipse.lsp4j.jsonrpc.RemoteEndpoint handleCancellation
WARNING: Unmatched cancel notification for request id 2
Mar 09, 2023 6:54:30 PM org.eclipse.lsp4j.jsonrpc.RemoteEndpoint handleCancellation
WARNING: Unmatched cancel notification for request id 1
Mar 09, 2023 6:54:30 PM org.eclipse.lsp4j.jsonrpc.RemoteEndpoint handleCancellation
WARNING: Unmatched cancel notification for request id 5
2023.03.09 18:54:32 INFO  time: code lens generation in 2.05s[0m
2023.03.09 18:54:32 INFO  time: code lens generation in 2.48s[0m
Mar 10, 2023 1:41:59 PM org.eclipse.lsp4j.jsonrpc.services.GenericEndpoint notify
INFO: Unsupported notification method: $/setTrace
2023.03.10 15:27:10 INFO  Shutting down server[0m
2023.03.10 15:27:10 INFO  shutting down Metals[0m
2023.03.10 15:27:10 INFO  Exiting server[0m
